synthesis:  version Diamond (64-bit) 3.12.1.454

Copyright (c) 1991-1994 by NeoCAD Inc. All rights reserved.
Copyright (c) 1995 AT&T Corp.   All rights reserved.
Copyright (c) 1995-2001 Lucent Technologies Inc.  All rights reserved.
Copyright (c) 2001 Agere Systems   All rights reserved.
Copyright (c) 2002-2020 Lattice Semiconductor Corporation,  All rights reserved.
Sun Feb 06 17:16:54 2022


Command Line:  synthesis -f tad64_kb_mk1_v1_impl1_lattice.synproj -gui 

Synthesis options:
The -a option is MachXO3LF.
The -s option is 6.
The -t option is CABGA256.
The -d option is LCMXO3LF-6900C.
Using package CABGA256.
Using performance grade 6.
                                                          

##########################################################

### Lattice Family : MachXO3LF

### Device  : LCMXO3LF-6900C

### Package : CABGA256

### Speed   : 6

##########################################################

                                                          

INFO - synthesis: User-Selected Strategy Settings
Optimization goal = Balanced
Top-level module name = tad64_keyboard.
Target frequency = 200.000000 MHz.
Maximum fanout = 1000.
Timing path count = 3
BRAM utilization = 100.000000 %
DSP usage = true
DSP utilization = 100.000000 %
fsm_encoding_style = auto
resolve_mixed_drivers = 0
fix_gated_clocks = 1

Mux style = Auto
Use Carry Chain = true
carry_chain_length = 0
Loop Limit = 1950.
Use IO Insertion = TRUE
Use IO Reg = AUTO

Resource Sharing = TRUE
Propagate Constants = TRUE
Remove Duplicate Registers = TRUE
force_gsr = auto
ROM style = auto
RAM style = auto
The -comp option is FALSE.
The -syn option is FALSE.
-p C:/lscc/diamond/3.12/ispfpga/xo3c00f/data (searchpath added)
-p C:/Users/tobya/Documents/Lattice Diamond/tad64_keyboard_mk1/v1/impl1 (searchpath added)
-p C:/Users/tobya/Documents/Lattice Diamond/tad64_keyboard_mk1/v1 (searchpath added)
VHDL library = work
VHDL design file = C:/Users/tobya/Documents/Lattice Diamond/tad64_keyboard_mk1/v1/caps_latch.vhd
VHDL design file = C:/Users/tobya/Documents/Lattice Diamond/tad64_keyboard_mk1/v1/components.vhd
VHDL design file = C:/Users/tobya/Documents/Lattice Diamond/tad64_keyboard_mk1/v1/keycoder.vhd
VHDL design file = C:/Users/tobya/Documents/Lattice Diamond/tad64_keyboard_mk1/v1/mod_synchroniser.vhd
VHDL design file = C:/Users/tobya/Documents/Lattice Diamond/tad64_keyboard_mk1/v1/register.vhd
VHDL design file = C:/Users/tobya/Documents/Lattice Diamond/tad64_keyboard_mk1/v1/std_synchroniser.vhd
VHDL design file = C:/Users/tobya/Documents/Lattice Diamond/tad64_keyboard_mk1/v1/tad64_keyboard.vhd
VHDL library = tad64
VHDL design file = C:/Users/tobya/Documents/Lattice Diamond/tad64_keyboard_mk1/v1/libs/comcode.vhd
VHDL design file = C:/Users/tobya/Documents/Lattice Diamond/tad64_keyboard_mk1/v1/libs/types.vhd
VHDL design file = C:/Users/tobya/Documents/Lattice Diamond/tad64_keyboard_mk1/v1/libs/utilities.vhd
NGD file = tad64_kb_mk1_v1_impl1.ngd
-sdc option: SDC file input not used.
-lpf option: Output file option is ON.
Hardtimer checking is enabled (default). The -dt option is not used.
The -r option is OFF. [ Remove LOC Properties is OFF. ]
Technology check ok...

Analyzing Verilog file C:/lscc/diamond/3.12/ispfpga/userware/NT/SYNTHESIS_HEADERS/machxo3l.v. VERI-1482
Compile design.
Compile Design Begin
INFO - synthesis: The default VHDL library search path is now "C:/Users/tobya/Documents/Lattice Diamond/tad64_keyboard_mk1/v1/impl1". VHDL-1504
Analyzing VHDL file c:/users/tobya/documents/lattice diamond/tad64_keyboard_mk1/v1/libs/types.vhd. VHDL-1481
INFO - synthesis: c:/users/tobya/documents/lattice diamond/tad64_keyboard_mk1/v1/libs/types.vhd(18): analyzing package types. VHDL-1014
INFO - synthesis: c:/users/tobya/documents/lattice diamond/tad64_keyboard_mk1/v1/libs/types.vhd(351): analyzing package body types. VHDL-1013
unit tad64_keyboard is not yet analyzed. VHDL-1485
unit tad64_keyboard is not yet analyzed. VHDL-1485
Analyzing VHDL file c:/users/tobya/documents/lattice diamond/tad64_keyboard_mk1/v1/caps_latch.vhd. VHDL-1481
INFO - synthesis: c:/users/tobya/documents/lattice diamond/tad64_keyboard_mk1/v1/caps_latch.vhd(7): analyzing entity caps_latch. VHDL-1012
INFO - synthesis: c:/users/tobya/documents/lattice diamond/tad64_keyboard_mk1/v1/caps_latch.vhd(18): analyzing architecture behaviour. VHDL-1010
unit tad64_keyboard is not yet analyzed. VHDL-1485
unit tad64_keyboard is not yet analyzed. VHDL-1485
Analyzing VHDL file c:/users/tobya/documents/lattice diamond/tad64_keyboard_mk1/v1/components.vhd. VHDL-1481
INFO - synthesis: c:/users/tobya/documents/lattice diamond/tad64_keyboard_mk1/v1/components.vhd(7): analyzing package components. VHDL-1014
unit tad64_keyboard is not yet analyzed. VHDL-1485
unit tad64_keyboard is not yet analyzed. VHDL-1485
Analyzing VHDL file c:/users/tobya/documents/lattice diamond/tad64_keyboard_mk1/v1/libs/comcode.vhd. VHDL-1481
INFO - synthesis: c:/users/tobya/documents/lattice diamond/tad64_keyboard_mk1/v1/libs/comcode.vhd(4): analyzing package ascii. VHDL-1014
INFO - synthesis: c:/users/tobya/documents/lattice diamond/tad64_keyboard_mk1/v1/libs/comcode.vhd(141): analyzing package comcodes. VHDL-1014
unit tad64_keyboard is not yet analyzed. VHDL-1485
unit tad64_keyboard is not yet analyzed. VHDL-1485
Analyzing VHDL file c:/users/tobya/documents/lattice diamond/tad64_keyboard_mk1/v1/libs/utilities.vhd. VHDL-1481
INFO - synthesis: c:/users/tobya/documents/lattice diamond/tad64_keyboard_mk1/v1/libs/utilities.vhd(4): analyzing package utils. VHDL-1014
INFO - synthesis: c:/users/tobya/documents/lattice diamond/tad64_keyboard_mk1/v1/libs/utilities.vhd(13): analyzing package body utils. VHDL-1013
unit tad64_keyboard is not yet analyzed. VHDL-1485
unit tad64_keyboard is not yet analyzed. VHDL-1485
Analyzing VHDL file c:/users/tobya/documents/lattice diamond/tad64_keyboard_mk1/v1/keycoder.vhd. VHDL-1481
INFO - synthesis: c:/users/tobya/documents/lattice diamond/tad64_keyboard_mk1/v1/keycoder.vhd(9): analyzing entity keycoder. VHDL-1012
INFO - synthesis: c:/users/tobya/documents/lattice diamond/tad64_keyboard_mk1/v1/keycoder.vhd(18): analyzing architecture dataflow. VHDL-1010
unit tad64_keyboard is not yet analyzed. VHDL-1485
unit tad64_keyboard is not yet analyzed. VHDL-1485
Analyzing VHDL file c:/users/tobya/documents/lattice diamond/tad64_keyboard_mk1/v1/mod_synchroniser.vhd. VHDL-1481
INFO - synthesis: c:/users/tobya/documents/lattice diamond/tad64_keyboard_mk1/v1/mod_synchroniser.vhd(7): analyzing entity mod_sync. VHDL-1012
INFO - synthesis: c:/users/tobya/documents/lattice diamond/tad64_keyboard_mk1/v1/mod_synchroniser.vhd(19): analyzing architecture behaviour. VHDL-1010
unit tad64_keyboard is not yet analyzed. VHDL-1485
unit tad64_keyboard is not yet analyzed. VHDL-1485
Analyzing VHDL file c:/users/tobya/documents/lattice diamond/tad64_keyboard_mk1/v1/register.vhd. VHDL-1481
INFO - synthesis: c:/users/tobya/documents/lattice diamond/tad64_keyboard_mk1/v1/register.vhd(4): analyzing entity data_buffer. VHDL-1012
INFO - synthesis: c:/users/tobya/documents/lattice diamond/tad64_keyboard_mk1/v1/register.vhd(21): analyzing architecture behaviour_rising. VHDL-1010
INFO - synthesis: c:/users/tobya/documents/lattice diamond/tad64_keyboard_mk1/v1/register.vhd(47): analyzing architecture behaviour_falling. VHDL-1010
unit tad64_keyboard is not yet analyzed. VHDL-1485
unit tad64_keyboard is not yet analyzed. VHDL-1485
Analyzing VHDL file c:/users/tobya/documents/lattice diamond/tad64_keyboard_mk1/v1/std_synchroniser.vhd. VHDL-1481
INFO - synthesis: c:/users/tobya/documents/lattice diamond/tad64_keyboard_mk1/v1/std_synchroniser.vhd(7): analyzing entity std_sync. VHDL-1012
INFO - synthesis: c:/users/tobya/documents/lattice diamond/tad64_keyboard_mk1/v1/std_synchroniser.vhd(19): analyzing architecture behaviour. VHDL-1010
unit tad64_keyboard is not yet analyzed. VHDL-1485
unit tad64_keyboard is not yet analyzed. VHDL-1485
Analyzing VHDL file c:/users/tobya/documents/lattice diamond/tad64_keyboard_mk1/v1/tad64_keyboard.vhd. VHDL-1481
INFO - synthesis: c:/users/tobya/documents/lattice diamond/tad64_keyboard_mk1/v1/tad64_keyboard.vhd(36): analyzing entity tad64_keyboard. VHDL-1012
INFO - synthesis: c:/users/tobya/documents/lattice diamond/tad64_keyboard_mk1/v1/tad64_keyboard.vhd(48): analyzing architecture structure. VHDL-1010
unit tad64_keyboard is not yet analyzed. VHDL-1485
unit tad64_keyboard is not yet analyzed. VHDL-1485
unit tad64_keyboard is not yet analyzed. VHDL-1485
c:/users/tobya/documents/lattice diamond/tad64_keyboard_mk1/v1/tad64_keyboard.vhd(36): executing tad64_keyboard(structure)

WARNING - synthesis: c:/users/tobya/documents/lattice diamond/tad64_keyboard_mk1/v1/tad64_keyboard.vhd(45): replacing existing netlist tad64_keyboard(structure). VHDL-1205
Top module name (VHDL): tad64_keyboard
Loading NGL library 'C:/lscc/diamond/3.12/ispfpga/xo2c00a/data/xo2alib.ngl'...
Loading NGL library 'C:/lscc/diamond/3.12/ispfpga/xo2c00/data/xo2clib.ngl'...
Loading NGL library 'C:/lscc/diamond/3.12/ispfpga/mg5g00/data/mg5glib.ngl'...
Loading NGL library 'C:/lscc/diamond/3.12/ispfpga/or5g00/data/orc5glib.ngl'...
Loading device for application map from file 'xo3c6900.nph' in environment: C:/lscc/diamond/3.12/ispfpga.
Package Status:                     Final          Version 1.17.
Top-level module name = tad64_keyboard.



GSR will not be inferred because no asynchronous signal was found in the netlist.
Applying 200.000000 MHz constraint to all clocks

WARNING - synthesis: No user .sdc file.
Results of NGD DRC are available in tad64_keyboard_drc.log.
Loading NGL library 'C:/lscc/diamond/3.12/ispfpga/xo2c00a/data/xo2alib.ngl'...
Loading NGL library 'C:/lscc/diamond/3.12/ispfpga/xo2c00/data/xo2clib.ngl'...
Loading NGL library 'C:/lscc/diamond/3.12/ispfpga/mg5g00/data/mg5glib.ngl'...
Loading NGL library 'C:/lscc/diamond/3.12/ispfpga/or5g00/data/orc5glib.ngl'...
All blocks are expanded and NGD expansion is successful.
Writing NGD file tad64_kb_mk1_v1_impl1.ngd.

################### Begin Area Report (tad64_keyboard)######################
Number of register bits => 191 of 7485 (2 % )
CCU2D => 4
FD1P3IX => 7
FD1S3AX => 179
FD1S3IX => 1
FD1S3JX => 4
GSR => 1
IB => 87
INV => 1
LUT4 => 417
OB => 12
################### End Area Report ##################

################### Begin BlackBox Report ######################
TSALL => 1
################### End BlackBox Report ##################

################### Begin Clock Report ######################
Clock Nets
Number of Clocks: 1
  Net : clkin_c, loads : 169
Clock Enable Nets
Number of Clock Enables: 1
Top 1 highest fanout Clock Enables:
Highest fanout non-clock nets
Top 10 highest fanout non-clock nets:
  Net : clk_N_64, loads : 23
  Net : KC/n1694, loads : 10
  Net : KC/n7060, loads : 9
  Net : KC/n7058, loads : 9
  Net : SS/std_edge.nonalpha.pnkey.space, loads : 8
  Net : keycode_clr, loads : 8
  Net : SS/n7127, loads : 8
  Net : SS/n1608, loads : 8
  Net : KC/n7063, loads : 8
  Net : KC/n7061, loads : 8
################### End Clock Report ##################

Timing Report Summary
--------------
--------------------------------------------------------------------------------
Constraint                              |   Constraint|       Actual|Levels
--------------------------------------------------------------------------------
                                        |             |             |
create_clock -period 5.000000 -name     |             |             |
clk0 [get_nets clkin_c]                 |  200.000 MHz|   23.931 MHz|    17 *
                                        |             |             |
--------------------------------------------------------------------------------


1 constraints not met.


Peak Memory Usage: 103.328  MB

--------------------------------------------------------------
Elapsed CPU time for LSE flow : 21.156  secs
--------------------------------------------------------------
