synthesis:  version Diamond (64-bit) 3.12.1.454

Copyright (c) 1991-1994 by NeoCAD Inc. All rights reserved.
Copyright (c) 1995 AT&T Corp.   All rights reserved.
Copyright (c) 1995-2001 Lucent Technologies Inc.  All rights reserved.
Copyright (c) 2001 Agere Systems   All rights reserved.
Copyright (c) 2002-2020 Lattice Semiconductor Corporation,  All rights reserved.
Thu Feb 10 00:26:45 2022


Command Line:  synthesis -f tad64_kb_mk1_v2_impl1_lattice.synproj -gui -msgset C:/Users/tobya/Documents/Lattice Diamond/tad64_keyboard_mk1/v2/promote.xml 

Synthesis options:
The -a option is MachXO3LF.
The -s option is 6.
The -t option is CABGA256.
The -d option is LCMXO3LF-6900C.
Using package CABGA256.
Using performance grade 6.
                                                          

##########################################################

### Lattice Family : MachXO3LF

### Device  : LCMXO3LF-6900C

### Package : CABGA256

### Speed   : 6

##########################################################

                                                          

INFO - synthesis: User-Selected Strategy Settings
Optimization goal = Balanced
Top-level module name = tad64_keyboard.
Target frequency = 200.000000 MHz.
Maximum fanout = 1000.
Timing path count = 3
BRAM utilization = 100.000000 %
DSP usage = true
DSP utilization = 100.000000 %
fsm_encoding_style = auto
resolve_mixed_drivers = 0
fix_gated_clocks = 1

Mux style = Auto
Use Carry Chain = true
carry_chain_length = 0
Loop Limit = 1950.
Use IO Insertion = TRUE
Use IO Reg = AUTO

Resource Sharing = TRUE
Propagate Constants = TRUE
Remove Duplicate Registers = TRUE
force_gsr = auto
ROM style = auto
RAM style = auto
The -comp option is FALSE.
The -syn option is FALSE.
-p C:/lscc/diamond/3.12/ispfpga/xo3c00f/data (searchpath added)
-p C:/Users/tobya/Documents/Lattice Diamond/tad64_keyboard_mk1/v2/impl1 (searchpath added)
-p C:/Users/tobya/Documents/Lattice Diamond/tad64_keyboard_mk1/v2 (searchpath added)
VHDL library = work
VHDL design file = C:/Users/tobya/Documents/Lattice Diamond/tad64_keyboard_mk1/v2/tad64_keyboard.vhd
VHDL design file = C:/Users/tobya/Documents/Lattice Diamond/tad64_keyboard_mk1/v2/components.vhd
VHDL design file = C:/Users/tobya/Documents/Lattice Diamond/tad64_keyboard_mk1/v2/databuffer.vhd
VHDL design file = C:/Users/tobya/Documents/Lattice Diamond/tad64_keyboard_mk1/v2/keycodebuffer.vhd
VHDL design file = C:/Users/tobya/Documents/Lattice Diamond/tad64_keyboard_mk1/v2/keycoder.vhd
VHDL design file = C:/Users/tobya/Documents/Lattice Diamond/tad64_keyboard_mk1/v2/std_synchroniser.vhd
VHDL design file = C:/Users/tobya/Documents/Lattice Diamond/tad64_keyboard_mk1/v2/mod_synchroniser.vhd
VHDL design file = C:/Users/tobya/Documents/Lattice Diamond/tad64_keyboard_mk1/v2/toggler.vhd
VHDL library = tad64
VHDL design file = C:/Users/tobya/Documents/Lattice Diamond/tad64_keyboard_mk1/v2/libs/types.vhd
VHDL design file = C:/Users/tobya/Documents/Lattice Diamond/tad64_keyboard_mk1/v2/libs/utilities.vhd
VHDL design file = C:/Users/tobya/Documents/Lattice Diamond/tad64_keyboard_mk1/v2/libs/comcodes.vhd
VHDL library = work
VHDL design file = C:/Users/tobya/Documents/Lattice Diamond/tad64_keyboard_mk1/v2/dac.vhd
VHDL design file = C:/Users/tobya/Documents/Lattice Diamond/tad64_keyboard_mk1/v2/updowncounter.vhd
VHDL design file = C:/Users/tobya/Documents/Lattice Diamond/tad64_keyboard_mk1/v2/prescaler.vhd
VHDL design file = C:/Users/tobya/Documents/Lattice Diamond/tad64_keyboard_mk1/v2/gpo.vhd
NGD file = tad64_kb_mk1_v2_impl1.ngd
-sdc option: SDC file input not used.
-lpf option: Output file option is ON.
Hardtimer checking is enabled (default). The -dt option is not used.
The -r option is OFF. [ Remove LOC Properties is OFF. ]
Technology check ok...

Analyzing Verilog file C:/lscc/diamond/3.12/ispfpga/userware/NT/SYNTHESIS_HEADERS/machxo3l.v. VERI-1482
Compile design.
Compile Design Begin
INFO - synthesis: The default VHDL library search path is now "C:/Users/tobya/Documents/Lattice Diamond/tad64_keyboard_mk1/v2/impl1". VHDL-1504
Analyzing VHDL file c:/users/tobya/documents/lattice diamond/tad64_keyboard_mk1/v2/libs/types.vhd. VHDL-1481
INFO - synthesis: c:/users/tobya/documents/lattice diamond/tad64_keyboard_mk1/v2/libs/types.vhd(17): analyzing package types. VHDL-1014
INFO - synthesis: c:/users/tobya/documents/lattice diamond/tad64_keyboard_mk1/v2/libs/types.vhd(135): analyzing package body types. VHDL-1013
unit tad64_keyboard is not yet analyzed. VHDL-1485
unit tad64_keyboard is not yet analyzed. VHDL-1485
Analyzing VHDL file c:/users/tobya/documents/lattice diamond/tad64_keyboard_mk1/v2/libs/utilities.vhd. VHDL-1481
INFO - synthesis: c:/users/tobya/documents/lattice diamond/tad64_keyboard_mk1/v2/libs/utilities.vhd(4): analyzing package utils. VHDL-1014
INFO - synthesis: c:/users/tobya/documents/lattice diamond/tad64_keyboard_mk1/v2/libs/utilities.vhd(13): analyzing package body utils. VHDL-1013
unit tad64_keyboard is not yet analyzed. VHDL-1485
unit tad64_keyboard is not yet analyzed. VHDL-1485
Analyzing VHDL file c:/users/tobya/documents/lattice diamond/tad64_keyboard_mk1/v2/components.vhd. VHDL-1481
INFO - synthesis: c:/users/tobya/documents/lattice diamond/tad64_keyboard_mk1/v2/components.vhd(4): analyzing package dac_components. VHDL-1014
INFO - synthesis: c:/users/tobya/documents/lattice diamond/tad64_keyboard_mk1/v2/components.vhd(49): analyzing package kb_components. VHDL-1014
unit tad64_keyboard is not yet analyzed. VHDL-1485
unit tad64_keyboard is not yet analyzed. VHDL-1485
Analyzing VHDL file c:/users/tobya/documents/lattice diamond/tad64_keyboard_mk1/v2/databuffer.vhd. VHDL-1481
INFO - synthesis: c:/users/tobya/documents/lattice diamond/tad64_keyboard_mk1/v2/databuffer.vhd(4): analyzing entity data_buffer. VHDL-1012
INFO - synthesis: c:/users/tobya/documents/lattice diamond/tad64_keyboard_mk1/v2/databuffer.vhd(20): analyzing architecture behaviour_rising. VHDL-1010
INFO - synthesis: c:/users/tobya/documents/lattice diamond/tad64_keyboard_mk1/v2/databuffer.vhd(38): analyzing architecture behaviour_falling. VHDL-1010
unit tad64_keyboard is not yet analyzed. VHDL-1485
unit tad64_keyboard is not yet analyzed. VHDL-1485
Analyzing VHDL file c:/users/tobya/documents/lattice diamond/tad64_keyboard_mk1/v2/tad64_keyboard.vhd. VHDL-1481
INFO - synthesis: c:/users/tobya/documents/lattice diamond/tad64_keyboard_mk1/v2/tad64_keyboard.vhd(33): analyzing entity tad64_keyboard. VHDL-1012
INFO - synthesis: c:/users/tobya/documents/lattice diamond/tad64_keyboard_mk1/v2/tad64_keyboard.vhd(48): analyzing architecture structure. VHDL-1010
unit tad64_keyboard is not yet analyzed. VHDL-1485
unit tad64_keyboard is not yet analyzed. VHDL-1485
Analyzing VHDL file c:/users/tobya/documents/lattice diamond/tad64_keyboard_mk1/v2/keycodebuffer.vhd. VHDL-1481
INFO - synthesis: c:/users/tobya/documents/lattice diamond/tad64_keyboard_mk1/v2/keycodebuffer.vhd(4): analyzing entity keycode_buffer. VHDL-1012
INFO - synthesis: c:/users/tobya/documents/lattice diamond/tad64_keyboard_mk1/v2/keycodebuffer.vhd(17): analyzing architecture behaviour. VHDL-1010
unit tad64_keyboard is not yet analyzed. VHDL-1485
unit tad64_keyboard is not yet analyzed. VHDL-1485
Analyzing VHDL file c:/users/tobya/documents/lattice diamond/tad64_keyboard_mk1/v2/libs/comcodes.vhd. VHDL-1481
INFO - synthesis: c:/users/tobya/documents/lattice diamond/tad64_keyboard_mk1/v2/libs/comcodes.vhd(4): analyzing package ascii. VHDL-1014
INFO - synthesis: c:/users/tobya/documents/lattice diamond/tad64_keyboard_mk1/v2/libs/comcodes.vhd(141): analyzing package comcodes. VHDL-1014
unit tad64_keyboard is not yet analyzed. VHDL-1485
unit tad64_keyboard is not yet analyzed. VHDL-1485
Analyzing VHDL file c:/users/tobya/documents/lattice diamond/tad64_keyboard_mk1/v2/keycoder.vhd. VHDL-1481
INFO - synthesis: c:/users/tobya/documents/lattice diamond/tad64_keyboard_mk1/v2/keycoder.vhd(8): analyzing entity keycoder. VHDL-1012
INFO - synthesis: c:/users/tobya/documents/lattice diamond/tad64_keyboard_mk1/v2/keycoder.vhd(17): analyzing architecture dataflow. VHDL-1010
unit tad64_keyboard is not yet analyzed. VHDL-1485
unit tad64_keyboard is not yet analyzed. VHDL-1485
Analyzing VHDL file c:/users/tobya/documents/lattice diamond/tad64_keyboard_mk1/v2/std_synchroniser.vhd. VHDL-1481
INFO - synthesis: c:/users/tobya/documents/lattice diamond/tad64_keyboard_mk1/v2/std_synchroniser.vhd(7): analyzing entity std_sync. VHDL-1012
INFO - synthesis: c:/users/tobya/documents/lattice diamond/tad64_keyboard_mk1/v2/std_synchroniser.vhd(19): analyzing architecture behaviour. VHDL-1010
unit tad64_keyboard is not yet analyzed. VHDL-1485
unit tad64_keyboard is not yet analyzed. VHDL-1485
Analyzing VHDL file c:/users/tobya/documents/lattice diamond/tad64_keyboard_mk1/v2/mod_synchroniser.vhd. VHDL-1481
INFO - synthesis: c:/users/tobya/documents/lattice diamond/tad64_keyboard_mk1/v2/mod_synchroniser.vhd(7): analyzing entity mod_sync. VHDL-1012
INFO - synthesis: c:/users/tobya/documents/lattice diamond/tad64_keyboard_mk1/v2/mod_synchroniser.vhd(21): analyzing architecture behaviour. VHDL-1010
unit tad64_keyboard is not yet analyzed. VHDL-1485
unit tad64_keyboard is not yet analyzed. VHDL-1485
Analyzing VHDL file c:/users/tobya/documents/lattice diamond/tad64_keyboard_mk1/v2/toggler.vhd. VHDL-1481
INFO - synthesis: c:/users/tobya/documents/lattice diamond/tad64_keyboard_mk1/v2/toggler.vhd(4): analyzing entity toggler. VHDL-1012
INFO - synthesis: c:/users/tobya/documents/lattice diamond/tad64_keyboard_mk1/v2/toggler.vhd(19): analyzing architecture behaviour. VHDL-1010
unit tad64_keyboard is not yet analyzed. VHDL-1485
unit tad64_keyboard is not yet analyzed. VHDL-1485
Analyzing VHDL file c:/users/tobya/documents/lattice diamond/tad64_keyboard_mk1/v2/dac.vhd. VHDL-1481
INFO - synthesis: c:/users/tobya/documents/lattice diamond/tad64_keyboard_mk1/v2/dac.vhd(5): analyzing entity dac_ctrl. VHDL-1012
INFO - synthesis: c:/users/tobya/documents/lattice diamond/tad64_keyboard_mk1/v2/dac.vhd(24): analyzing architecture structure. VHDL-1010
unit tad64_keyboard is not yet analyzed. VHDL-1485
unit tad64_keyboard is not yet analyzed. VHDL-1485
Analyzing VHDL file c:/users/tobya/documents/lattice diamond/tad64_keyboard_mk1/v2/updowncounter.vhd. VHDL-1481
INFO - synthesis: c:/users/tobya/documents/lattice diamond/tad64_keyboard_mk1/v2/updowncounter.vhd(5): analyzing entity updown_counter. VHDL-1012
INFO - synthesis: c:/users/tobya/documents/lattice diamond/tad64_keyboard_mk1/v2/updowncounter.vhd(20): analyzing architecture behaviour. VHDL-1010
unit tad64_keyboard is not yet analyzed. VHDL-1485
unit tad64_keyboard is not yet analyzed. VHDL-1485
Analyzing VHDL file c:/users/tobya/documents/lattice diamond/tad64_keyboard_mk1/v2/prescaler.vhd. VHDL-1481
INFO - synthesis: c:/users/tobya/documents/lattice diamond/tad64_keyboard_mk1/v2/prescaler.vhd(8): analyzing entity prescaler. VHDL-1012
INFO - synthesis: c:/users/tobya/documents/lattice diamond/tad64_keyboard_mk1/v2/prescaler.vhd(22): analyzing architecture behaviour. VHDL-1010
unit tad64_keyboard is not yet analyzed. VHDL-1485
unit tad64_keyboard is not yet analyzed. VHDL-1485
Analyzing VHDL file c:/users/tobya/documents/lattice diamond/tad64_keyboard_mk1/v2/gpo.vhd. VHDL-1481
INFO - synthesis: c:/users/tobya/documents/lattice diamond/tad64_keyboard_mk1/v2/gpo.vhd(4): analyzing entity gpo_block. VHDL-1012
INFO - synthesis: c:/users/tobya/documents/lattice diamond/tad64_keyboard_mk1/v2/gpo.vhd(22): analyzing architecture behaviour. VHDL-1010
unit tad64_keyboard is not yet analyzed. VHDL-1485
unit tad64_keyboard is not yet analyzed. VHDL-1485
unit tad64_keyboard is not yet analyzed. VHDL-1485
c:/users/tobya/documents/lattice diamond/tad64_keyboard_mk1/v2/tad64_keyboard.vhd(33): executing tad64_keyboard(structure)

WARNING - synthesis: c:/users/tobya/documents/lattice diamond/tad64_keyboard_mk1/v2/tad64_keyboard.vhd(45): replacing existing netlist tad64_keyboard(structure). VHDL-1205
Top module name (VHDL): tad64_keyboard
Loading NGL library 'C:/lscc/diamond/3.12/ispfpga/xo2c00a/data/xo2alib.ngl'...
Loading NGL library 'C:/lscc/diamond/3.12/ispfpga/xo2c00/data/xo2clib.ngl'...
Loading NGL library 'C:/lscc/diamond/3.12/ispfpga/mg5g00/data/mg5glib.ngl'...
Loading NGL library 'C:/lscc/diamond/3.12/ispfpga/or5g00/data/orc5glib.ngl'...
Loading device for application map from file 'xo3c6900.nph' in environment: C:/lscc/diamond/3.12/ispfpga.
Package Status:                     Final          Version 1.17.
Top-level module name = tad64_keyboard.



GSR will not be inferred because no asynchronous signal was found in the netlist.
Applying 200.000000 MHz constraint to all clocks

WARNING - synthesis: No user .sdc file.
Results of NGD DRC are available in tad64_keyboard_drc.log.
Loading NGL library 'C:/lscc/diamond/3.12/ispfpga/xo2c00a/data/xo2alib.ngl'...
Loading NGL library 'C:/lscc/diamond/3.12/ispfpga/xo2c00/data/xo2clib.ngl'...
Loading NGL library 'C:/lscc/diamond/3.12/ispfpga/mg5g00/data/mg5glib.ngl'...
Loading NGL library 'C:/lscc/diamond/3.12/ispfpga/or5g00/data/orc5glib.ngl'...
All blocks are expanded and NGD expansion is successful.
Writing NGD file tad64_kb_mk1_v2_impl1.ngd.

################### Begin Area Report (tad64_keyboard)######################
Number of register bits => 386 of 7485 (5 % )
CCU2D => 11
FD1P3IX => 21
FD1S3AX => 341
FD1S3AY => 1
FD1S3IX => 18
FD1S3JX => 5
GSR => 1
IB => 88
INV => 1
LUT4 => 634
OB => 37
################### End Area Report ##################

################### Begin BlackBox Report ######################
TSALL => 1
################### End BlackBox Report ##################

################### Begin Clock Report ######################
Clock Nets
Number of Clocks: 2
  Net : clkin_c, loads : 323
  Net : DAC/psc_clkin, loads : 17
Clock Enable Nets
Number of Clock Enables: 4
Top 4 highest fanout Clock Enables:
  Net : psc_clkin_enable_12, loads : 12
  Net : SS/stdkey_edge_73, loads : 2
  Net : clk_N_445_enable_7, loads : 1
Highest fanout non-clock nets
Top 10 highest fanout non-clock nets:
  Net : n10116, loads : 82
  Net : SS/n10248, loads : 51
  Net : clk_N_445, loads : 48
  Net : KC/n10115, loads : 42
  Net : KC/clk_N_445_enable_8, loads : 42
  Net : CMDA/gpo_en, loads : 24
  Net : n10231, loads : 24
  Net : dacout_c_0, loads : 15
  Net : SS/stdkey_edge_0, loads : 12
  Net : psc_clkin_enable_12, loads : 12
################### End Clock Report ##################

Timing Report Summary
--------------
--------------------------------------------------------------------------------
Constraint                              |   Constraint|       Actual|Levels
--------------------------------------------------------------------------------
                                        |             |             |
create_clock -period 5.000000 -name     |             |             |
clk1 [get_nets psc_clkin]               |  200.000 MHz|  126.390 MHz|     6 *
                                        |             |             |
create_clock -period 5.000000 -name     |             |             |
clk0 [get_nets clkin_c]                 |  200.000 MHz|   25.849 MHz|    15 *
                                        |             |             |
--------------------------------------------------------------------------------


2 constraints not met.


Peak Memory Usage: 112.895  MB

--------------------------------------------------------------
Elapsed CPU time for LSE flow : 21.547  secs
--------------------------------------------------------------
